04-04 19:14:04 com_github_MitjaNemec_ReplicateLayout.action_replicate_layout 392:Plugin executed on: 'win32'
04-04 19:14:04 com_github_MitjaNemec_ReplicateLayout.action_replicate_layout 393:Plugin executed with python version: '3.11.5 (main, Dec 24 2024, 05:27:06) [MSC v.1942 64 bit (AMD64)]'
04-04 19:14:04 com_github_MitjaNemec_ReplicateLayout.action_replicate_layout 394:KiCad build version: 8.0.8
04-04 19:14:04 com_github_MitjaNemec_ReplicateLayout.action_replicate_layout 395:Plugin version: 3.0.3
04-04 19:14:04 com_github_MitjaNemec_ReplicateLayout.action_replicate_layout 396:Frame repr: <wx._core.Frame object at 0x0000028A9CCAAEF0>
04-04 19:14:04 com_github_MitjaNemec_ReplicateLayout.action_replicate_layout 420:Preparing replicator with R49 as a reference
04-04 19:14:04 com_github_MitjaNemec_ReplicateLayout.replicate_layout 117:getting a list of all footprints on board
04-04 19:14:04 com_github_MitjaNemec_ReplicateLayout.action_replicate_layout 468:source anchor footprint is 'R49'
Located on: ['dc_driver', 'L298N']
With filenames: ['dc_driver.kicad_sch', 'L298N.kicad_sch']
With sheet_id:['dc_driver', 'L298N']
04-04 19:14:04 com_github_MitjaNemec_ReplicateLayout.action_replicate_layout 475:Corresponding footprints are 
[('R64', ['dc_driver', 'L298N2']), ('R62', ['dc_driver', 'L298N1']), ('R49', ['dc_driver', 'L298N'])]
04-04 19:14:04 com_github_MitjaNemec_ReplicateLayout.action_replicate_layout 487:Showing dialog
04-04 19:14:04 com_github_MitjaNemec_ReplicateLayout.replicate_layout 472:constructing a list of sheets suitable for replication on level:'L298N', file:'L298N.kicad_sch'
04-04 19:14:04 com_github_MitjaNemec_ReplicateLayout.replicate_layout 509:suitable sheets are:[['dc_driver', 'L298N1'], ['dc_driver', 'L298N2']]
04-04 19:14:04 com_github_MitjaNemec_ReplicateLayout.replicate_layout 1507:Level selected: ['dc_driver', 'L298N']
04-04 19:14:04 com_github_MitjaNemec_ReplicateLayout.replicate_layout 1331:Filtering list of tracks
04-04 19:14:05 com_github_MitjaNemec_ReplicateLayout.action_replicate_layout 493:Toolbar position: wx.Point(1886, 77)
04-04 19:14:05 com_github_MitjaNemec_ReplicateLayout.action_replicate_layout 498:Dialog position: wx.Point(1447, 77)
04-04 19:14:07 com_github_MitjaNemec_ReplicateLayout.replicate_layout 472:constructing a list of sheets suitable for replication on level:'L298N', file:'L298N.kicad_sch'
04-04 19:14:07 com_github_MitjaNemec_ReplicateLayout.replicate_layout 509:suitable sheets are:[['dc_driver', 'L298N1'], ['dc_driver', 'L298N2']]
04-04 19:14:07 com_github_MitjaNemec_ReplicateLayout.action_replicate_layout 240:Replicating layout
04-04 19:14:07 com_github_MitjaNemec_ReplicateLayout.replicate_layout 288:Starting replication of sheets: [['dc_driver', 'L298N1'], ['dc_driver', 'L298N2']]
on level: ['dc_driver', 'L298N']
with tracks=True, zone=True, text=True, text=True, intersecting=False, remove=False, locked footprints=False, group_only=False
04-04 19:14:07 root 332:updating GUI message: 'Preparing for replication'
04-04 19:14:07 root 337:updating GUI with: 0
04-04 19:14:07 com_github_MitjaNemec_ReplicateLayout.replicate_layout 358:Getting the list of source footprints
04-04 19:14:07 com_github_MitjaNemec_ReplicateLayout.replicate_layout 368:Getting the list of all the remaining footprints
04-04 19:14:07 com_github_MitjaNemec_ReplicateLayout.replicate_layout 375:Getting source tracks
04-04 19:14:07 com_github_MitjaNemec_ReplicateLayout.replicate_layout 1331:Filtering list of tracks
04-04 19:14:07 com_github_MitjaNemec_ReplicateLayout.replicate_layout 379:Getting source zones
04-04 19:14:07 com_github_MitjaNemec_ReplicateLayout.replicate_layout 383:Getting source text items
04-04 19:14:07 root 337:updating GUI with: 66
04-04 19:14:07 com_github_MitjaNemec_ReplicateLayout.replicate_layout 387:Getting source drawing items
04-04 19:14:07 root 332:updating GUI message: 'Replicating footprints'
04-04 19:14:07 com_github_MitjaNemec_ReplicateLayout.replicate_layout 861:Replicating footprints
04-04 19:14:07 com_github_MitjaNemec_ReplicateLayout.replicate_layout 868:Replicating footprints on sheet ['dc_driver', 'L298N1']
04-04 19:14:07 com_github_MitjaNemec_ReplicateLayout.replicate_layout 985:Src text UUid:43f20180-12cb-4dd2-aad8-50f43291ec64
04-04 19:14:07 com_github_MitjaNemec_ReplicateLayout.replicate_layout 986:Dst text UUid:cabc361e-7a23-4494-94f1-5ba6a9a4f0fc
04-04 19:14:07 com_github_MitjaNemec_ReplicateLayout.replicate_layout 985:Src text UUid:026116a8-dca7-41be-9ff6-d79714f03501
04-04 19:14:07 com_github_MitjaNemec_ReplicateLayout.replicate_layout 986:Dst text UUid:0b027e5a-07c1-4e28-992f-70fc2c7883b1
04-04 19:14:07 com_github_MitjaNemec_ReplicateLayout.replicate_layout 985:Src text UUid:b1fa1567-7ce7-444b-9e76-e9fa6b1107cf
04-04 19:14:07 com_github_MitjaNemec_ReplicateLayout.replicate_layout 986:Dst text UUid:ed5ce6fe-0031-4283-a9ac-a9168349f8f5
04-04 19:14:07 com_github_MitjaNemec_ReplicateLayout.replicate_layout 985:Src text UUid:87df520b-c0e1-4fad-95b4-66c5260dea74
04-04 19:14:07 com_github_MitjaNemec_ReplicateLayout.replicate_layout 986:Dst text UUid:82aedf31-3a05-469d-a81c-362deb4cd1b7
04-04 19:14:07 com_github_MitjaNemec_ReplicateLayout.replicate_layout 985:Src text UUid:83fb0582-3e1b-4eda-ad55-737f33efc5a5
04-04 19:14:07 com_github_MitjaNemec_ReplicateLayout.replicate_layout 986:Dst text UUid:a62a127e-d222-4a1f-b061-f11af57e13b5
04-04 19:14:07 com_github_MitjaNemec_ReplicateLayout.replicate_layout 985:Src text UUid:41a6f9b2-2eac-401e-9edd-39d5a1a044d9
04-04 19:14:07 com_github_MitjaNemec_ReplicateLayout.replicate_layout 986:Dst text UUid:81f036bf-adf5-4a2f-9d1e-25e132d66d82
04-04 19:14:07 com_github_MitjaNemec_ReplicateLayout.replicate_layout 985:Src text UUid:ad30faef-4229-44ae-acb5-5e6453d5028c
04-04 19:14:07 com_github_MitjaNemec_ReplicateLayout.replicate_layout 986:Dst text UUid:20b4d9d0-8f7f-4b76-a769-e0bcf25099f2
04-04 19:14:07 com_github_MitjaNemec_ReplicateLayout.replicate_layout 985:Src text UUid:dce8bb60-ebc7-47ce-9374-7fab82db7056
04-04 19:14:07 com_github_MitjaNemec_ReplicateLayout.replicate_layout 986:Dst text UUid:775b0209-09f8-4b35-b75a-3381ec41041a
04-04 19:14:07 com_github_MitjaNemec_ReplicateLayout.replicate_layout 985:Src text UUid:fa862cb7-6f02-4054-8f8a-6a5d1f7828e8
04-04 19:14:07 com_github_MitjaNemec_ReplicateLayout.replicate_layout 986:Dst text UUid:accc149f-0712-4b80-8d16-4b7f96a74c91
04-04 19:14:07 com_github_MitjaNemec_ReplicateLayout.replicate_layout 985:Src text UUid:c2fa3f85-9e06-465e-a700-185d349e15e8
04-04 19:14:07 com_github_MitjaNemec_ReplicateLayout.replicate_layout 986:Dst text UUid:73fa21a8-a3e7-4d9f-93c7-e1f7f24e3115
04-04 19:14:07 com_github_MitjaNemec_ReplicateLayout.replicate_layout 985:Src text UUid:2e059f79-f971-4125-8135-fb37b24c1d0d
04-04 19:14:07 com_github_MitjaNemec_ReplicateLayout.replicate_layout 986:Dst text UUid:9f35fa47-07b2-4854-a5ad-4f53d4b4c7df
04-04 19:14:07 com_github_MitjaNemec_ReplicateLayout.replicate_layout 985:Src text UUid:96551c31-08a3-444e-a21d-0fec9ef15352
04-04 19:14:07 com_github_MitjaNemec_ReplicateLayout.replicate_layout 986:Dst text UUid:235ec74a-89d4-4cc7-a3ae-be46d54c2d9f
04-04 19:14:07 com_github_MitjaNemec_ReplicateLayout.replicate_layout 868:Replicating footprints on sheet ['dc_driver', 'L298N2']
04-04 19:14:07 com_github_MitjaNemec_ReplicateLayout.replicate_layout 985:Src text UUid:43f20180-12cb-4dd2-aad8-50f43291ec64
04-04 19:14:07 com_github_MitjaNemec_ReplicateLayout.replicate_layout 986:Dst text UUid:a48e7473-c986-4dd4-ba3f-7495c5c47468
04-04 19:14:07 com_github_MitjaNemec_ReplicateLayout.replicate_layout 985:Src text UUid:026116a8-dca7-41be-9ff6-d79714f03501
04-04 19:14:07 com_github_MitjaNemec_ReplicateLayout.replicate_layout 986:Dst text UUid:a6cb3293-77da-411f-a94b-af8782bef4b9
04-04 19:14:07 com_github_MitjaNemec_ReplicateLayout.replicate_layout 985:Src text UUid:b1fa1567-7ce7-444b-9e76-e9fa6b1107cf
04-04 19:14:07 com_github_MitjaNemec_ReplicateLayout.replicate_layout 986:Dst text UUid:f68e8e30-9d6b-4b73-8dcd-3ae1e73bdf48
04-04 19:14:07 com_github_MitjaNemec_ReplicateLayout.replicate_layout 985:Src text UUid:87df520b-c0e1-4fad-95b4-66c5260dea74
04-04 19:14:07 com_github_MitjaNemec_ReplicateLayout.replicate_layout 986:Dst text UUid:2281d3e9-4f5c-4912-b08e-6b216679a108
04-04 19:14:07 com_github_MitjaNemec_ReplicateLayout.replicate_layout 985:Src text UUid:83fb0582-3e1b-4eda-ad55-737f33efc5a5
04-04 19:14:07 com_github_MitjaNemec_ReplicateLayout.replicate_layout 986:Dst text UUid:37e12ee5-a6c4-43b3-9d3f-1e5e3d7a3e26
04-04 19:14:07 com_github_MitjaNemec_ReplicateLayout.replicate_layout 985:Src text UUid:41a6f9b2-2eac-401e-9edd-39d5a1a044d9
04-04 19:14:07 com_github_MitjaNemec_ReplicateLayout.replicate_layout 986:Dst text UUid:4a6299c9-898e-4b82-aa3f-bcfae21168a7
04-04 19:14:07 com_github_MitjaNemec_ReplicateLayout.replicate_layout 985:Src text UUid:ad30faef-4229-44ae-acb5-5e6453d5028c
04-04 19:14:07 com_github_MitjaNemec_ReplicateLayout.replicate_layout 986:Dst text UUid:e8c3fd97-1f86-49c0-b24f-7b4dd95fd5f3
04-04 19:14:07 com_github_MitjaNemec_ReplicateLayout.replicate_layout 985:Src text UUid:dce8bb60-ebc7-47ce-9374-7fab82db7056
04-04 19:14:07 com_github_MitjaNemec_ReplicateLayout.replicate_layout 986:Dst text UUid:6f73dcae-a708-4ea0-a6c3-51affa5b3574
04-04 19:14:07 com_github_MitjaNemec_ReplicateLayout.replicate_layout 985:Src text UUid:fa862cb7-6f02-4054-8f8a-6a5d1f7828e8
04-04 19:14:07 com_github_MitjaNemec_ReplicateLayout.replicate_layout 986:Dst text UUid:d6900bb2-d1b6-4625-89ea-e9ccbaef38b5
04-04 19:14:07 com_github_MitjaNemec_ReplicateLayout.replicate_layout 985:Src text UUid:c2fa3f85-9e06-465e-a700-185d349e15e8
04-04 19:14:07 com_github_MitjaNemec_ReplicateLayout.replicate_layout 986:Dst text UUid:67caf610-20be-47c4-986b-6f4f34713b36
04-04 19:14:07 com_github_MitjaNemec_ReplicateLayout.replicate_layout 985:Src text UUid:2e059f79-f971-4125-8135-fb37b24c1d0d
04-04 19:14:07 com_github_MitjaNemec_ReplicateLayout.replicate_layout 986:Dst text UUid:c992a44c-523f-489c-bdd2-5ecb79e675c4
04-04 19:14:07 com_github_MitjaNemec_ReplicateLayout.replicate_layout 985:Src text UUid:96551c31-08a3-444e-a21d-0fec9ef15352
04-04 19:14:07 com_github_MitjaNemec_ReplicateLayout.replicate_layout 986:Dst text UUid:cfe82607-9cf9-4f61-a0fb-ae589a279b1f
04-04 19:14:07 root 337:updating GUI with: 67
04-04 19:14:07 com_github_MitjaNemec_ReplicateLayout.replicate_layout 985:Src text UUid:3a719c52-611f-4653-bf01-b0b65825cd44
04-04 19:14:07 com_github_MitjaNemec_ReplicateLayout.replicate_layout 986:Dst text UUid:3522493e-107c-40d7-8cac-73cbe5addccf
04-04 19:14:07 com_github_MitjaNemec_ReplicateLayout.replicate_layout 985:Src text UUid:d80bde92-8c26-40a2-9df5-e1bb680a54c1
04-04 19:14:07 com_github_MitjaNemec_ReplicateLayout.replicate_layout 986:Dst text UUid:36b9e243-c25f-405c-87c2-5671d60594e4
04-04 19:14:07 com_github_MitjaNemec_ReplicateLayout.replicate_layout 985:Src text UUid:debbefb5-83df-4e3d-8217-78fae1a3fec3
04-04 19:14:07 com_github_MitjaNemec_ReplicateLayout.replicate_layout 986:Dst text UUid:2943713d-34bd-41d9-a35b-6e91b3ad8f9c
04-04 19:14:07 com_github_MitjaNemec_ReplicateLayout.replicate_layout 985:Src text UUid:d9365f3c-b0c3-4465-bda9-729934e53d70
04-04 19:14:07 com_github_MitjaNemec_ReplicateLayout.replicate_layout 986:Dst text UUid:3405becf-74e9-4116-831b-630ab2a3d64a
04-04 19:14:07 com_github_MitjaNemec_ReplicateLayout.replicate_layout 985:Src text UUid:5047eade-48f6-417e-9aca-6b35457b7d9b
04-04 19:14:07 com_github_MitjaNemec_ReplicateLayout.replicate_layout 986:Dst text UUid:07a1471b-17f1-48ab-8301-cc4b1dbdd72d
04-04 19:14:07 com_github_MitjaNemec_ReplicateLayout.replicate_layout 985:Src text UUid:ee6ab665-d6f9-4205-b5f2-f40ad74392be
04-04 19:14:07 com_github_MitjaNemec_ReplicateLayout.replicate_layout 986:Dst text UUid:b88e5261-41c8-434c-865d-f30486699742
04-04 19:14:07 com_github_MitjaNemec_ReplicateLayout.replicate_layout 985:Src text UUid:acd8acb6-3c20-4980-8d44-0fc82433aa91
04-04 19:14:07 com_github_MitjaNemec_ReplicateLayout.replicate_layout 986:Dst text UUid:70c1c083-9803-4776-9c62-9194c5f66b0b
04-04 19:14:07 com_github_MitjaNemec_ReplicateLayout.replicate_layout 985:Src text UUid:40656d69-c316-4542-b2df-aa1680483225
04-04 19:14:07 com_github_MitjaNemec_ReplicateLayout.replicate_layout 986:Dst text UUid:8bf8350f-f5b6-40a0-bbe8-c0dfb8a8e7ae
04-04 19:14:07 com_github_MitjaNemec_ReplicateLayout.replicate_layout 985:Src text UUid:3893cc68-9742-4a22-9766-546fc2d61148
04-04 19:14:07 com_github_MitjaNemec_ReplicateLayout.replicate_layout 986:Dst text UUid:dc988250-7cbe-4470-9773-baaa65650361
04-04 19:14:07 com_github_MitjaNemec_ReplicateLayout.replicate_layout 985:Src text UUid:047322bc-c46e-469f-bd18-9b9ac9888ea1
04-04 19:14:07 com_github_MitjaNemec_ReplicateLayout.replicate_layout 986:Dst text UUid:d5f30b4c-c676-4750-9f59-8397988da0af
04-04 19:14:07 com_github_MitjaNemec_ReplicateLayout.replicate_layout 985:Src text UUid:bc32b887-31b7-4358-a30a-ad1f9e0926d9
04-04 19:14:07 com_github_MitjaNemec_ReplicateLayout.replicate_layout 986:Dst text UUid:73564716-f7bc-47d0-8c3e-99383052f4bb
04-04 19:14:07 com_github_MitjaNemec_ReplicateLayout.replicate_layout 985:Src text UUid:0925e5ad-022d-4ab2-aabb-1dce60d681ff
04-04 19:14:07 com_github_MitjaNemec_ReplicateLayout.replicate_layout 986:Dst text UUid:71abab00-ec32-497f-b41f-291866b0d811
04-04 19:14:07 com_github_MitjaNemec_ReplicateLayout.replicate_layout 985:Src text UUid:26c750d9-9128-44b8-b01a-949ffae9544b
04-04 19:14:07 com_github_MitjaNemec_ReplicateLayout.replicate_layout 986:Dst text UUid:536ccd5d-31e0-40d2-809f-9c87ebfb8a90
04-04 19:14:07 com_github_MitjaNemec_ReplicateLayout.replicate_layout 985:Src text UUid:cdee2a0c-1b9f-4bd4-9783-82cd10b84b39
04-04 19:14:07 com_github_MitjaNemec_ReplicateLayout.replicate_layout 986:Dst text UUid:589e23d3-301f-4694-8ee6-309474bd33a6
04-04 19:14:07 com_github_MitjaNemec_ReplicateLayout.replicate_layout 985:Src text UUid:798a77f0-456b-4e89-a9d5-6f78e6d891fe
04-04 19:14:07 com_github_MitjaNemec_ReplicateLayout.replicate_layout 986:Dst text UUid:13025769-7d1e-4327-8f31-26a86e3a0662
04-04 19:14:07 com_github_MitjaNemec_ReplicateLayout.replicate_layout 985:Src text UUid:34902ba1-8b17-4398-b61b-ed8dc01610b5
04-04 19:14:07 com_github_MitjaNemec_ReplicateLayout.replicate_layout 986:Dst text UUid:c74dbdae-3dd9-48d7-89ae-6a7dc8e6e5af
04-04 19:14:07 com_github_MitjaNemec_ReplicateLayout.replicate_layout 985:Src text UUid:d6b68e22-fe95-4923-9669-ffcea01904bb
04-04 19:14:07 com_github_MitjaNemec_ReplicateLayout.replicate_layout 986:Dst text UUid:5874e64f-c24f-4950-839e-f113c2576b24
04-04 19:14:07 com_github_MitjaNemec_ReplicateLayout.replicate_layout 985:Src text UUid:16b28b97-bf58-49f6-8a8d-1f6d73c122c2
04-04 19:14:07 com_github_MitjaNemec_ReplicateLayout.replicate_layout 986:Dst text UUid:7e91fd35-fa1a-4081-9cf7-ce72f10a8d8f
04-04 19:14:07 com_github_MitjaNemec_ReplicateLayout.replicate_layout 985:Src text UUid:571f3586-0e5e-46e0-b1cb-7642ccc96f37
04-04 19:14:07 com_github_MitjaNemec_ReplicateLayout.replicate_layout 986:Dst text UUid:039e9eb7-1904-4f03-8374-97ccc1f34b21
04-04 19:14:07 com_github_MitjaNemec_ReplicateLayout.replicate_layout 985:Src text UUid:0457e4d1-8fb0-4197-90fe-42ce1e71460e
04-04 19:14:07 com_github_MitjaNemec_ReplicateLayout.replicate_layout 986:Dst text UUid:e5f0a60d-a240-4bfc-9dc7-7fa482f17ff1
04-04 19:14:07 com_github_MitjaNemec_ReplicateLayout.replicate_layout 985:Src text UUid:0b3c8abe-cf7c-417d-94e8-3e65596744ee
04-04 19:14:07 com_github_MitjaNemec_ReplicateLayout.replicate_layout 986:Dst text UUid:e9c6ae52-a454-46d9-8479-97e301a45cce
04-04 19:14:07 com_github_MitjaNemec_ReplicateLayout.replicate_layout 985:Src text UUid:6dcc0300-d851-4b62-8f44-291ed7477ad3
04-04 19:14:07 com_github_MitjaNemec_ReplicateLayout.replicate_layout 986:Dst text UUid:a8e7e899-5f3b-4024-af64-0cf5f730af9e
04-04 19:14:07 com_github_MitjaNemec_ReplicateLayout.replicate_layout 985:Src text UUid:45a30f51-ff1c-49c8-99eb-2e64e3224bac
04-04 19:14:07 com_github_MitjaNemec_ReplicateLayout.replicate_layout 986:Dst text UUid:019aa6a9-8dbb-48bd-a359-4b098d8383be
04-04 19:14:07 com_github_MitjaNemec_ReplicateLayout.replicate_layout 985:Src text UUid:dc7634c5-bb70-4f6d-a7c1-9872df70a834
04-04 19:14:07 com_github_MitjaNemec_ReplicateLayout.replicate_layout 986:Dst text UUid:c436ab0e-58a7-43b4-83f7-1e16edd7ba32
04-04 19:14:07 com_github_MitjaNemec_ReplicateLayout.replicate_layout 985:Src text UUid:8f60ec20-4f9c-4b58-b1d9-1431d1a55cf7
04-04 19:14:07 com_github_MitjaNemec_ReplicateLayout.replicate_layout 986:Dst text UUid:3ff9ce6b-ee07-4d86-8a15-9aac1ebf3f55
04-04 19:14:07 com_github_MitjaNemec_ReplicateLayout.replicate_layout 985:Src text UUid:1da17e5d-a860-4d02-905b-a5ad46176cb1
04-04 19:14:07 com_github_MitjaNemec_ReplicateLayout.replicate_layout 986:Dst text UUid:80b7d6a6-0630-4082-9d28-f0fde71d0f7c
04-04 19:14:07 com_github_MitjaNemec_ReplicateLayout.replicate_layout 985:Src text UUid:89adaf54-298d-4a4b-83ac-dd00d74dd88b
04-04 19:14:07 com_github_MitjaNemec_ReplicateLayout.replicate_layout 986:Dst text UUid:07e18b3f-6f59-4ef3-b25b-e5c1f9413319
04-04 19:14:07 com_github_MitjaNemec_ReplicateLayout.replicate_layout 985:Src text UUid:176e367a-957d-4b77-acf3-1c84334bd016
04-04 19:14:07 com_github_MitjaNemec_ReplicateLayout.replicate_layout 986:Dst text UUid:acf8db2f-95e2-4323-99e0-ae596bd8bfbc
04-04 19:14:07 com_github_MitjaNemec_ReplicateLayout.replicate_layout 985:Src text UUid:53aa52a7-f710-48ec-8bd2-07156c31c8b4
04-04 19:14:07 com_github_MitjaNemec_ReplicateLayout.replicate_layout 986:Dst text UUid:18515be9-81e6-4400-8b6b-0110589ee7c6
04-04 19:14:07 com_github_MitjaNemec_ReplicateLayout.replicate_layout 985:Src text UUid:d96547bb-7ef5-464d-8a50-7e8bd73330b7
04-04 19:14:07 com_github_MitjaNemec_ReplicateLayout.replicate_layout 986:Dst text UUid:8773a208-b5f3-450e-9e53-1bf5d69af6f3
04-04 19:14:07 root 332:updating GUI message: 'Replicating tracks'
04-04 19:14:07 com_github_MitjaNemec_ReplicateLayout.replicate_layout 1009:Replicating tracks
04-04 19:14:07 com_github_MitjaNemec_ReplicateLayout.replicate_layout 1015:Replicating tracks on sheet ['dc_driver', 'L298N1']
04-04 19:14:07 com_github_MitjaNemec_ReplicateLayout.replicate_layout 792:Net pairs for sheet ['dc_driver', 'L298N1'] :[('Net-(U2-IN4)', 'Net-(U4-IN4)'), ('GND', 'GND'), ('DC4_1', 'DC2_1'), ('Net-(U2-IN3)', 'Net-(U4-IN3)'), ('VIN', 'VIN'), ('DCIn3_1', 'DCIn1_2'), ('DC3_1', 'DC1_1'), ('DCEn4', 'DCEn2'), ('DC3_2', 'DC1_2'), ('DCIn3_2', 'DCIn1_1'), ('Net-(U2-IN2)', 'Net-(U4-IN2)'), ('DC4_2', 'DC2_2'), ('DCIn4_1', 'DCIn2_1'), ('Net-(U2-EnB)', 'Net-(U4-EnB)'), ('DCIn4_2', 'DCIn2_2'), ('Net-(U2-IN1)', 'Net-(U4-IN1)')]
04-04 19:14:07 com_github_MitjaNemec_ReplicateLayout.replicate_layout 1015:Replicating tracks on sheet ['dc_driver', 'L298N2']
04-04 19:14:07 com_github_MitjaNemec_ReplicateLayout.replicate_layout 792:Net pairs for sheet ['dc_driver', 'L298N2'] :[('GND', 'GND'), ('DC4_1', 'DC6_1'), ('DCIn4_2', 'DCIn6_2'), ('DC3_2', 'DC5_2'), ('Net-(U2-IN3)', 'Net-(U3-IN3)'), ('Net-(U2-IN4)', 'Net-(U3-IN4)'), ('VIN', 'VIN'), ('Net-(U2-IN2)', 'Net-(U3-IN2)'), ('DCEn4', 'DCEn6'), ('DC3_1', 'DC5_1'), ('DCIn4_1', 'DCIn6_1'), ('DC4_2', 'DC6_2'), ('DCIn3_1', 'DCIn5_2'), ('Net-(U2-IN1)', 'Net-(U3-IN1)'), ('DCIn3_2', 'DCIn5_1'), ('Net-(U2-EnB)', 'Net-(U3-EnB)')]
04-04 19:14:07 root 337:updating GUI with: 50
04-04 19:14:07 root 332:updating GUI message: 'Replicating zones'
04-04 19:14:07 com_github_MitjaNemec_ReplicateLayout.replicate_layout 1079:Replicating zones
04-04 19:14:07 com_github_MitjaNemec_ReplicateLayout.replicate_layout 1086:Replicating zones on sheet ['dc_driver', 'L298N1']
04-04 19:14:07 com_github_MitjaNemec_ReplicateLayout.replicate_layout 792:Net pairs for sheet ['dc_driver', 'L298N1'] :[('Net-(U2-IN4)', 'Net-(U4-IN4)'), ('GND', 'GND'), ('DC4_1', 'DC2_1'), ('Net-(U2-IN3)', 'Net-(U4-IN3)'), ('VIN', 'VIN'), ('DCIn3_1', 'DCIn1_2'), ('DC3_1', 'DC1_1'), ('DCEn4', 'DCEn2'), ('DC3_2', 'DC1_2'), ('DCIn3_2', 'DCIn1_1'), ('Net-(U2-IN2)', 'Net-(U4-IN2)'), ('DC4_2', 'DC2_2'), ('DCIn4_1', 'DCIn2_1'), ('Net-(U2-EnB)', 'Net-(U4-EnB)'), ('DCIn4_2', 'DCIn2_2'), ('Net-(U2-IN1)', 'Net-(U4-IN1)')]
04-04 19:14:07 root 337:updating GUI with: 17
04-04 19:14:07 com_github_MitjaNemec_ReplicateLayout.replicate_layout 1122:When replicating zone from source net 'Net-(U2-EnA)' we did not find matching destination net
04-04 19:14:07 com_github_MitjaNemec_ReplicateLayout.replicate_layout 1122:When replicating zone from source net 'Net-(U2-EnA)' we did not find matching destination net
04-04 19:14:07 com_github_MitjaNemec_ReplicateLayout.replicate_layout 1086:Replicating zones on sheet ['dc_driver', 'L298N2']
04-04 19:14:07 com_github_MitjaNemec_ReplicateLayout.replicate_layout 792:Net pairs for sheet ['dc_driver', 'L298N2'] :[('GND', 'GND'), ('DC4_1', 'DC6_1'), ('DCIn4_2', 'DCIn6_2'), ('DC3_2', 'DC5_2'), ('Net-(U2-IN3)', 'Net-(U3-IN3)'), ('Net-(U2-IN4)', 'Net-(U3-IN4)'), ('VIN', 'VIN'), ('Net-(U2-IN2)', 'Net-(U3-IN2)'), ('DCEn4', 'DCEn6'), ('DC3_1', 'DC5_1'), ('DCIn4_1', 'DCIn6_1'), ('DC4_2', 'DC6_2'), ('DCIn3_1', 'DCIn5_2'), ('Net-(U2-IN1)', 'Net-(U3-IN1)'), ('DCIn3_2', 'DCIn5_1'), ('Net-(U2-EnB)', 'Net-(U3-EnB)')]
04-04 19:14:07 root 337:updating GUI with: 50
04-04 19:14:07 root 337:updating GUI with: 80
04-04 19:14:07 com_github_MitjaNemec_ReplicateLayout.replicate_layout 1122:When replicating zone from source net 'Net-(U2-EnA)' we did not find matching destination net
04-04 19:14:07 com_github_MitjaNemec_ReplicateLayout.replicate_layout 1122:When replicating zone from source net 'Net-(U2-EnA)' we did not find matching destination net
04-04 19:14:07 root 332:updating GUI message: 'Replicating text'
04-04 19:14:07 com_github_MitjaNemec_ReplicateLayout.replicate_layout 1168:Replicating text
04-04 19:14:07 com_github_MitjaNemec_ReplicateLayout.replicate_layout 1175:Replicating text on sheet ['dc_driver', 'L298N1']
04-04 19:14:07 com_github_MitjaNemec_ReplicateLayout.replicate_layout 1175:Replicating text on sheet ['dc_driver', 'L298N2']
04-04 19:14:07 root 332:updating GUI message: 'Replicating drawings'
04-04 19:14:07 com_github_MitjaNemec_ReplicateLayout.replicate_layout 1219:Replicating drawings
04-04 19:14:07 com_github_MitjaNemec_ReplicateLayout.replicate_layout 1225:Replicating drawings on sheet ['dc_driver', 'L298N1']
04-04 19:14:07 com_github_MitjaNemec_ReplicateLayout.replicate_layout 1225:Replicating drawings on sheet ['dc_driver', 'L298N2']
04-04 19:14:08 com_github_MitjaNemec_ReplicateLayout.action_replicate_layout 256:Replication complete
